<?xml version="1.0" encoding="UTF-8"?>
<testng-results ignored="0" total="1" passed="1" failed="0" skipped="0">
  <reporter-output>
  </reporter-output>
  <suite started-at="2023-06-03T12:32:25 IST" name="Default suite" finished-at="2023-06-03T12:32:35 IST" duration-ms="9861">
    <groups>
    </groups>
    <test started-at="2023-06-03T12:32:25 IST" name="Default test" finished-at="2023-06-03T12:32:35 IST" duration-ms="9861">
      <class name="com.selenium.day7_1">
        <test-method signature="verifyTitle()[pri:0, instance:com.selenium.day7_1@16ec5519]" started-at="2023-06-03T12:32:25 IST" name="verifyTitle" finished-at="2023-06-03T12:32:35 IST" duration-ms="9831" status="PASS">
          <reporter-output>
          </reporter-output>
        </test-method> <!-- verifyTitle -->
      </class> <!-- com.selenium.day7_1 -->
    </test> <!-- Default test -->
  </suite> <!-- Default suite -->
</testng-results>
